<?xml version="1.0" encoding="UTF-8" ?>
<testsuite tests="11" failures="0" name="br.com.presentation.RunnerTest" time="0.145" errors="4" skipped="7">
  <properties>
[...]
</properties>
  <testcase classname="Given que estou na home do Bate-Papo UOL(| amizade | Resultados para o termo &quot;amizade&quot; em Sala | Amizade virtual (2) |)" name="Given que estou na home do Bate-Papo UOL(| amizade | Resultados para o termo &quot;amizade&quot; em Sala | Amizade virtual " time="0.019">
    <error type="java.lang.NullPointerException">java.lang.NullPointerException
	at br.com.presentation.tests.BaseTest.GoToBatePapoUOL(BaseTest.java:27)
	at br.com.presentation.tests.PesquisarSala_test.que_estou_na_home_do_Bate_Papo_UOL(PesquisarSala_test.java:16)
	at ✽.Given que estou na home do Bate-Papo UOL(br/com/presentation/PesquisarSala.feature:5)
</error>
  </testcase>
  <testcase classname="| amizade | Resultados para o termo &quot;amizade&quot; em Sala | Amizade virtual (2) |" name="| amizade | Resultados para o termo &quot;amizade&quot; em Sala | Amizade virtual " time="0.021">
    <error type="java.lang.NullPointerException">java.lang.NullPointerException
	at br.com.presentation.tests.BaseTest.GoToBatePapoUOL(BaseTest.java:27)
	at br.com.presentation.tests.PesquisarSala_test.que_estou_na_home_do_Bate_Papo_UOL(PesquisarSala_test.java:16)
	at ✽.Given que estou na home do Bate-Papo UOL(br/com/presentation/PesquisarSala.feature:5)
</error>
  </testcase>
  <testcase classname="And eu digito &quot;amizade&quot; no campo de pesquisa(| amizade | Resultados para o termo &quot;amizade&quot; em Sala | Amizade virtual (2) |)" name="And eu digito &quot;amizade&quot; no campo de pesquisa(| amizade | Resultados para o termo &quot;amizade&quot; em Sala | Amizade virtual " time="0.022">
    <skipped/>
  </testcase>
  <testcase classname="When eu clico no botão de pesquisar(| amizade | Resultados para o termo &quot;amizade&quot; em Sala | Amizade virtual (2) |)" name="When eu clico no botão de pesquisar(| amizade | Resultados para o termo &quot;amizade&quot; em Sala | Amizade virtual " time="0.022">
    <skipped/>
  </testcase>
  <testcase classname="Then eu vejo a &quot;Resultados para o termo &quot;amizade&quot; em Sala&quot; que a pesquisa foi feita(| amizade | Resultados para o termo &quot;amizade&quot; em Sala | Amizade virtual (2) |)" name="Then eu vejo a &quot;Resultados para o termo &quot;amizade&quot; em Sala&quot; que a pesquisa foi feita(| amizade | Resultados para o termo &quot;amizade&quot; em Sala | Amizade virtual " time="0.022">
    <skipped/>
  </testcase>
  <testcase classname="And eu vejo o &quot;Amizade virtual (2)&quot; da minha pesquisa(| amizade | Resultados para o termo &quot;amizade&quot; em Sala | Amizade virtual (2) |)" name="And eu vejo o &quot;Amizade virtual (2)&quot; da minha pesquisa(| amizade | Resultados para o termo &quot;amizade&quot; em Sala | Amizade virtual " time="0.022">
    <skipped/>
  </testcase>
  <testcase classname="| amizade123 | Não foram encontrados resultados em Sala para o termo &quot;amizade123&quot; |" name="Given que estou na home do Bate-Papo UOL" time="0.001">
    <error type="java.lang.NullPointerException">java.lang.NullPointerException
	at br.com.presentation.tests.BaseTest.GoToBatePapoUOL(BaseTest.java:27)
	at br.com.presentation.tests.PesquisarSala_test.que_estou_na_home_do_Bate_Papo_UOL(PesquisarSala_test.java:16)
	at ✽.Given que estou na home do Bate-Papo UOL(br/com/presentation/PesquisarSala.feature:15)
</error>
  </testcase>
  <testcase classname="| amizade123 | Não foram encontrados resultados em Sala para o termo &quot;amizade123&quot; |" name="| amizade123 | Não foram encontrados resultados em Sala para o termo &quot;amizade123&quot; |" time="0.001">
    <error type="java.lang.NullPointerException">java.lang.NullPointerException
	at br.com.presentation.tests.BaseTest.GoToBatePapoUOL(BaseTest.java:27)
	at br.com.presentation.tests.PesquisarSala_test.que_estou_na_home_do_Bate_Papo_UOL(PesquisarSala_test.java:16)
	at ✽.Given que estou na home do Bate-Papo UOL(br/com/presentation/PesquisarSala.feature:15)
</error>
  </testcase>
  <testcase classname="| amizade123 | Não foram encontrados resultados em Sala para o termo &quot;amizade123&quot; |" name="And eu digito &quot;amizade123&quot; no campo de pesquisa" time="0.003">
    <skipped/>
  </testcase>
  <testcase classname="| amizade123 | Não foram encontrados resultados em Sala para o termo &quot;amizade123&quot; |" name="When eu clico no botão de pesquisar" time="0.005">
    <skipped/>
  </testcase>
  <testcase classname="| amizade123 | Não foram encontrados resultados em Sala para o termo &quot;amizade123&quot; |" name="Then eu vejo a &quot;Não foram encontrados resultados em Sala para o termo &quot;amizade123&quot;&quot; que a pesquisa foi feita com termo inválido" time="0.007">
    <skipped/>
  </testcase>
</testsuite>